{"failedCount":3,"prefixedPath":"karate\/features\/errors\/authentication-errors.feature","packageQualifiedName":"karate.features.errors.authentication-errors","loopIndex":-1,"relativePath":"karate\/features\/errors\/authentication-errors.feature","scenarioResults":[{"sectionIndex":0,"stepResults":[{"result":{"nanos":349083,"errorMessage":"js failed:\n>>>>\n01: baseUrl\n<<<<\norg.graalvm.polyglot.PolyglotException: ReferenceError: \"baseUrl\" is not defined\n- <js>.:program(Unnamed:1)\n\nkarate\/features\/errors\/authentication-errors.feature:5","millis":0.349083,"status":"failed"},"step":{"background":true,"line":5,"prefix":"*","index":0,"text":"url baseUrl"},"stepLog":"20:33:26.848 karate\/features\/errors\/authentication-errors.feature:5\n* url baseUrl\njs failed:\n>>>>\n01: baseUrl\n<<<<\norg.graalvm.polyglot.PolyglotException: ReferenceError: \"baseUrl\" is not defined\n- <js>.:program(Unnamed:1)\n\nkarate\/features\/errors\/authentication-errors.feature:5\n"},{"result":{"nanos":0,"millis":0.0,"status":"skipped"},"step":{"background":true,"line":6,"prefix":"*","index":1,"text":"headers headers"}},{"result":{"nanos":0,"millis":0.0,"status":"skipped"},"step":{"line":9,"prefix":"*","index":0,"text":"def query = read('queries\/test-missing-auth.graphql')"}},{"result":{"nanos":0,"millis":0.0,"status":"skipped"},"step":{"line":10,"prefix":"Given","index":1,"text":"request { query: '#(query)' }"}},{"result":{"nanos":0,"millis":0.0,"status":"skipped"},"step":{"line":11,"prefix":"When","index":2,"text":"method POST"}},{"result":{"nanos":0,"millis":0.0,"status":"skipped"},"step":{"line":12,"prefix":"Then","index":3,"text":"status 200"}},{"result":{"nanos":0,"millis":0.0,"status":"skipped"},"step":{"line":13,"prefix":"And","index":4,"text":"match response.errors[0].message contains 'authentication required'"}}],"line":8,"description":"","durationMillis":0.349083,"failed":true,"error":"js failed:\n>>>>\n01: baseUrl\n<<<<\norg.graalvm.polyglot.PolyglotException: ReferenceError: \"baseUrl\" is not defined\n- <js>.:program(Unnamed:1)\n\nkarate\/features\/errors\/authentication-errors.feature:5","executorName":"main","name":"Missing Authentication Test","startTime":1733085206845,"refId":"[1:8]","endTime":1733085206848,"exampleIndex":-1},{"sectionIndex":1,"stepResults":[{"result":{"nanos":316292,"errorMessage":"js failed:\n>>>>\n01: baseUrl\n<<<<\norg.graalvm.polyglot.PolyglotException: ReferenceError: \"baseUrl\" is not defined\n- <js>.:program(Unnamed:1)\n\nkarate\/features\/errors\/authentication-errors.feature:5","millis":0.316292,"status":"failed"},"step":{"background":true,"line":5,"prefix":"*","index":0,"text":"url baseUrl"},"stepLog":"20:33:26.850 karate\/features\/errors\/authentication-errors.feature:5\n* url baseUrl\njs failed:\n>>>>\n01: baseUrl\n<<<<\norg.graalvm.polyglot.PolyglotException: ReferenceError: \"baseUrl\" is not defined\n- <js>.:program(Unnamed:1)\n\nkarate\/features\/errors\/authentication-errors.feature:5\n"},{"result":{"nanos":0,"millis":0.0,"status":"skipped"},"step":{"background":true,"line":6,"prefix":"*","index":1,"text":"headers headers"}},{"result":{"nanos":0,"millis":0.0,"status":"skipped"},"step":{"line":16,"prefix":"*","index":0,"text":"def query = read('queries\/test-invalid-user.graphql')"}},{"result":{"nanos":0,"millis":0.0,"status":"skipped"},"step":{"line":17,"prefix":"Given","index":1,"text":"request { query: '#(query)', variables: { userId: 'invalid-id' } }"}},{"result":{"nanos":0,"millis":0.0,"status":"skipped"},"step":{"line":18,"prefix":"When","index":2,"text":"method POST"}},{"result":{"nanos":0,"millis":0.0,"status":"skipped"},"step":{"line":19,"prefix":"Then","index":3,"text":"status 200"}},{"result":{"nanos":0,"millis":0.0,"status":"skipped"},"step":{"line":20,"prefix":"And","index":4,"text":"match response.errors[0].message contains 'user not found'"}}],"line":15,"description":"","durationMillis":0.316292,"failed":true,"error":"js failed:\n>>>>\n01: baseUrl\n<<<<\norg.graalvm.polyglot.PolyglotException: ReferenceError: \"baseUrl\" is not defined\n- <js>.:program(Unnamed:1)\n\nkarate\/features\/errors\/authentication-errors.feature:5","executorName":"main","name":"Invalid User ID Test","startTime":1733085206849,"refId":"[2:15]","endTime":1733085206850,"exampleIndex":-1},{"sectionIndex":2,"stepResults":[{"result":{"nanos":241750,"errorMessage":"js failed:\n>>>>\n01: baseUrl\n<<<<\norg.graalvm.polyglot.PolyglotException: ReferenceError: \"baseUrl\" is not defined\n- <js>.:program(Unnamed:1)\n\nkarate\/features\/errors\/authentication-errors.feature:5","millis":0.24175,"status":"failed"},"step":{"background":true,"line":5,"prefix":"*","index":0,"text":"url baseUrl"},"stepLog":"20:33:26.854 karate\/features\/errors\/authentication-errors.feature:5\n* url baseUrl\njs failed:\n>>>>\n01: baseUrl\n<<<<\norg.graalvm.polyglot.PolyglotException: ReferenceError: \"baseUrl\" is not defined\n- <js>.:program(Unnamed:1)\n\nkarate\/features\/errors\/authentication-errors.feature:5\n"},{"result":{"nanos":0,"millis":0.0,"status":"skipped"},"step":{"background":true,"line":6,"prefix":"*","index":1,"text":"headers headers"}},{"result":{"nanos":0,"millis":0.0,"status":"skipped"},"step":{"line":23,"prefix":"*","index":0,"text":"def query = read('queries\/test-unauthorized-access.graphql')"}},{"result":{"nanos":0,"millis":0.0,"status":"skipped"},"step":{"line":24,"prefix":"Given","index":1,"text":"request { query: '#(query)', variables: { resourceId: 'restricted-resource' } }"}},{"result":{"nanos":0,"millis":0.0,"status":"skipped"},"step":{"line":25,"prefix":"When","index":2,"text":"method POST"}},{"result":{"nanos":0,"millis":0.0,"status":"skipped"},"step":{"line":26,"prefix":"Then","index":3,"text":"status 200"}},{"result":{"nanos":0,"millis":0.0,"status":"skipped"},"step":{"line":27,"prefix":"And","index":4,"text":"match response.errors[0].message contains 'unauthorized'"}}],"line":22,"description":"","durationMillis":0.24175,"failed":true,"error":"js failed:\n>>>>\n01: baseUrl\n<<<<\norg.graalvm.polyglot.PolyglotException: ReferenceError: \"baseUrl\" is not defined\n- <js>.:program(Unnamed:1)\n\nkarate\/features\/errors\/authentication-errors.feature:5","executorName":"main","name":"Unauthorized Access Test","startTime":1733085206852,"refId":"[3:22]","endTime":1733085206855,"exampleIndex":-1}],"callDepth":0,"name":"Authentication Error Tests","description":"Test authentication error scenarios","resultDate":"2024-12-01 08:33:26 PM","durationMillis":0.907125,"passedCount":0}